#
# A fatal error has been detected by the Java Runtime Environment:
#
#  EXCEPTION_ACCESS_VIOLATION (0xc0000005) at pc=0x0000000076cc7506, pid=10284, tid=0x0000000000003aec
#
# JRE version: Java(TM) SE Runtime Environment (8.0_191-b12) (build 1.8.0_191-b12)
# Java VM: Java HotSpot(TM) 64-Bit Server VM (25.191-b12 mixed mode windows-amd64 compressed oops)
# Problematic frame:
# V  [jvm.dll+0x237506]
#
# Failed to write core dump. Minidumps are not enabled by default on client versions of Windows
#
# If you would like to submit a bug report, please visit:
#   http://bugreport.java.com/bugreport/crash.jsp
#

---------------  T H R E A D  ---------------

Current thread (0x0000000017738000):  VMThread [stack: 0x00000000187d0000,0x00000000188d0000] [id=15084]

siginfo: ExceptionCode=0xc0000005, reading address 0x0000000000000008

Registers:
RAX=0x0000000000000000, RBX=0x00000000188ceff0, RCX=0x00000000188ceff0, RDX=0x0000000000000028
RSP=0x00000000188ced20, RBP=0x00000000188cf530, RSI=0x0000000000000000, RDI=0x00000000188cf6c0
R8 =0x0000000000000000, R9 =0x00000000171d00c8, R10=0x0000000000000008, R11=0x0000000077098f18
R12=0x00000000176454d0, R13=0x00000000188cf4f0, R14=0x00000000000003d8, R15=0x00000000188cf4e0
RIP=0x0000000076cc7506, EFLAGS=0x0000000000010206

Top of Stack: (sp=0x00000000188ced20)
0x00000000188ced20:   00000000d7e020f8 00000000d7e02178
0x00000000188ced30:   00000000d7e021f8 00000000d7e02290
0x00000000188ced40:   00000000d7e02310 00000000d7e02390
0x00000000188ced50:   00000000d7e02428 00000000d7e024a8
0x00000000188ced60:   00000000d7e02528 00000000d7e025c0
0x00000000188ced70:   0000000002b1f4e8 0000000002b1f4e8
0x00000000188ced80:   00000000d7e02758 00000000d7e027d8
0x00000000188ced90:   00000000d7e02870 00000000d7e028f0
0x00000000188ceda0:   00000000d7e02970 00000000d7e02a08
0x00000000188cedb0:   00000000d7e02a88 00000000d7e02b20
0x00000000188cedc0:   00000000d7e1f7c0 00000000d7e02bd0
0x00000000188cedd0:   00000000d7e02c50 00000000d7e02cd0
0x00000000188cede0:   00000000d7e02d68 00000000d7e02e00
0x00000000188cedf0:   00000000d7e02e80 00000000d7e02f00
0x00000000188cee00:   00000000d7e02f80 00000000d7e03000
0x00000000188cee10:   00000000d7e03080 00000000d7e03120 

Instructions: (pc=0x0000000076cc7506)
0x0000000076cc74e6:   01 00 00 48 8b 05 c0 b4 5b 00 48 33 c4 48 89 84
0x0000000076cc74f6:   24 30 01 00 00 4c 63 41 10 48 8b 41 08 48 8b d9
0x0000000076cc7506:   42 38 54 00 08 74 33 44 0f be c2 48 8d 4c 24 20
0x0000000076cc7516:   48 8d 15 13 ef 3e 00 e8 ae e6 de ff 48 8d 0d 97 


Register to memory mapping:

RAX=0x0000000000000000 is an unknown value
RBX=0x00000000188ceff0 is an unknown value
RCX=0x00000000188ceff0 is an unknown value
RDX=0x0000000000000028 is an unknown value
RSP=0x00000000188ced20 is an unknown value
RBP=0x00000000188cf530 is an unknown value
RSI=0x0000000000000000 is an unknown value
RDI=0x00000000188cf6c0 is an unknown value
R8 =0x0000000000000000 is an unknown value
R9 =0x00000000171d00c8 is pointing into metadata
R10=0x0000000000000008 is an unknown value
R11=0x0000000077098f18 is an unknown value
R12=0x00000000176454d0 is an unknown value
R13=0x00000000188cf4f0 is an unknown value
R14=0x00000000000003d8 is an unknown value
R15=0x00000000188cf4e0 is an unknown value


Stack: [0x00000000187d0000,0x00000000188d0000],  sp=0x00000000188ced20,  free space=1019k
Native frames: (J=compiled Java code, j=interpreted, Vv=VM code, C=native code)
V  [jvm.dll+0x237506]
V  [jvm.dll+0x237b84]
V  [jvm.dll+0xff633]
V  [jvm.dll+0x10277b]
V  [jvm.dll+0x1031ef]
V  [jvm.dll+0x103a35]
V  [jvm.dll+0x103c82]
V  [jvm.dll+0xc525e]
V  [jvm.dll+0xc58e8]
V  [jvm.dll+0xc5a1a]
V  [jvm.dll+0xc5c18]
V  [jvm.dll+0x10fbba]
V  [jvm.dll+0x12d43f]
V  [jvm.dll+0x1bf3cf]
V  [jvm.dll+0x24d0c7]
V  [jvm.dll+0x24c366]
V  [jvm.dll+0x24c801]
V  [jvm.dll+0x24ca1e]
V  [jvm.dll+0x29eb9a]
C  [msvcr100.dll+0x21d9f]
C  [msvcr100.dll+0x21e3b]
C  [KERNEL32.DLL+0x13d2]
C  [ntdll.dll+0x154f4]

VM_Operation (0x000000001914f100): GetOrSetLocal, mode: safepoint, requested by thread 0x0000000017778000


---------------  P R O C E S S  ---------------

Java Threads: ( => current thread )
  0x000000001a18b800 JavaThread "Exec Stream Pumper" daemon [_thread_in_native, id=17404, stack(0x000000001aa50000,0x000000001ab50000)]
  0x000000001a207800 JavaThread "Exec Stream Pumper" daemon [_thread_in_native, id=29328, stack(0x000000001a950000,0x000000001aa50000)]
  0x000000001a009800 JavaThread "Exec Default Executor" daemon [_thread_in_native, id=30704, stack(0x000000001a650000,0x000000001a750000)]
  0x00000000196ac800 JavaThread "Service Thread" daemon [_thread_blocked, id=20384, stack(0x0000000019a50000,0x0000000019b50000)]
  0x000000001779c000 JavaThread "C1 CompilerThread2" daemon [_thread_blocked, id=28224, stack(0x0000000019550000,0x0000000019650000)]
  0x000000001779b000 JavaThread "C2 CompilerThread1" daemon [_thread_blocked, id=28604, stack(0x0000000019450000,0x0000000019550000)]
  0x0000000017796000 JavaThread "C2 CompilerThread0" daemon [_thread_blocked, id=10836, stack(0x0000000019350000,0x0000000019450000)]
  0x000000001778b000 JavaThread "JDWP Command Reader" daemon [_thread_in_native, id=21628, stack(0x0000000019250000,0x0000000019350000)]
  0x000000001778a000 JavaThread "JDWP Event Helper Thread" daemon [_thread_blocked, id=17044, stack(0x0000000019150000,0x0000000019250000)]
  0x0000000017778000 JavaThread "JDWP Transport Listener: dt_socket" daemon [_thread_blocked, id=34624, stack(0x0000000019050000,0x0000000019150000)]
  0x000000001777a800 JavaThread "Attach Listener" daemon [_thread_blocked, id=21244, stack(0x0000000018bd0000,0x0000000018cd0000)]
  0x0000000017779800 JavaThread "Signal Dispatcher" daemon [_thread_blocked, id=7580, stack(0x0000000018ad0000,0x0000000018bd0000)]
  0x000000001775a000 JavaThread "Finalizer" daemon [_thread_blocked, id=14200, stack(0x00000000189d0000,0x0000000018ad0000)]
  0x0000000017738800 JavaThread "Reference Handler" daemon [_thread_blocked, id=36732, stack(0x00000000188d0000,0x00000000189d0000)]
  0x0000000002b23000 JavaThread "main" [_thread_blocked, id=24396, stack(0x0000000002a20000,0x0000000002b20000)]

Other Threads:
=>0x0000000017738000 VMThread [stack: 0x00000000187d0000,0x00000000188d0000] [id=15084]
  0x00000000196be000 WatcherThread [stack: 0x0000000019b50000,0x0000000019c50000] [id=16280]

VM state:at safepoint (normal execution)

VM Mutex/Monitor currently owned by a thread:  ([mutex/lock_event])
[0x000000000290e490] Threads_lock - owner thread: 0x0000000017738000

Heap:
 PSYoungGen      total 38400K, used 12827K [0x00000000d5d80000, 0x00000000d8800000, 0x0000000100000000)
  eden space 33280K, 23% used [0x00000000d5d80000,0x00000000d650b3e8,0x00000000d7e00000)
  from space 5120K, 99% used [0x00000000d7e00000,0x00000000d82fbb38,0x00000000d8300000)
  to   space 5120K, 0% used [0x00000000d8300000,0x00000000d8300000,0x00000000d8800000)
 ParOldGen       total 87552K, used 1018K [0x0000000081800000, 0x0000000086d80000, 0x00000000d5d80000)
  object space 87552K, 1% used [0x0000000081800000,0x00000000818fea00,0x0000000086d80000)
 Metaspace       used 11968K, capacity 12180K, committed 12416K, reserved 1060864K
  class space    used 1494K, capacity 1578K, committed 1664K, reserved 1048576K

Card table byte_map: [0x0000000011fe0000,0x00000000123e0000] byte_map_base: 0x0000000011bd4000

Marking Bits: (ParMarkBitMap*) 0x00000000772b3e30
 Begin Bits: [0x0000000012a90000, 0x0000000014a30000)
 End Bits:   [0x0000000014a30000, 0x00000000169d0000)

Polling page: 0x0000000001280000

CodeCache: size=245760Kb used=4230Kb max_used=4230Kb free=241529Kb
 bounds [0x0000000002c20000, 0x0000000003050000, 0x0000000011c20000]
 total_blobs=1489 nmethods=1149 adapters=261
 compilation: enabled

Compilation events (10 events):
Event: 27.479 Thread 0x000000001779c000 1144       1       org.openqa.selenium.remote.Command::getName (5 bytes)
Event: 27.479 Thread 0x000000001779c000 nmethod 1144 0x0000000003044010 code [0x0000000003044160, 0x0000000003044270]
Event: 27.482 Thread 0x000000001779c000 1146       3       java.lang.Class::isLocalOrAnonymousClass (13 bytes)
Event: 27.483 Thread 0x000000001779c000 nmethod 1146 0x0000000003043a10 code [0x0000000003043ba0, 0x0000000003043eb8]
Event: 27.483 Thread 0x000000001779c000 1149       3       java.lang.StringBuilder::<init> (18 bytes)
Event: 27.483 Thread 0x000000001779c000 nmethod 1149 0x00000000030431d0 code [0x0000000003043360, 0x0000000003043828]
Event: 27.483 Thread 0x000000001779c000 1148       3       com.google.gson.internal.$Gson$Types::canonicalize (139 bytes)
Event: 27.485 Thread 0x000000001779c000 nmethod 1148 0x00000000030415d0 code [0x0000000003041880, 0x0000000003042d28]
Event: 27.485 Thread 0x000000001779c000 1147       3       java.lang.Class::isAnonymousClass (10 bytes)
Event: 27.486 Thread 0x000000001779c000 nmethod 1147 0x00000000030442d0 code [0x0000000003044440, 0x0000000003044718]

GC Heap History (2 events):
Event: 3.938 GC heap before
{Heap before GC invocations=1 (full 0):
 PSYoungGen      total 38400K, used 33280K [0x00000000d5d80000, 0x00000000d8800000, 0x0000000100000000)
  eden space 33280K, 100% used [0x00000000d5d80000,0x00000000d7e00000,0x00000000d7e00000)
  from space 5120K, 0% used [0x00000000d8300000,0x00000000d8300000,0x00000000d8800000)
  to   space 5120K, 0% used [0x00000000d7e00000,0x00000000d7e00000,0x00000000d8300000)
 ParOldGen       total 87552K, used 0K [0x0000000081800000, 0x0000000086d80000, 0x00000000d5d80000)
  object space 87552K, 0% used [0x0000000081800000,0x0000000081800000,0x0000000086d80000)
 Metaspace       used 10810K, capacity 11060K, committed 11264K, reserved 1058816K
  class space    used 1322K, capacity 1418K, committed 1536K, reserved 1048576K
Event: 3.949 GC heap after
Heap after GC invocations=1 (full 0):
 PSYoungGen      total 38400K, used 5102K [0x00000000d5d80000, 0x00000000d8800000, 0x0000000100000000)
  eden space 33280K, 0% used [0x00000000d5d80000,0x00000000d5d80000,0x00000000d7e00000)
  from space 5120K, 99% used [0x00000000d7e00000,0x00000000d82fbb38,0x00000000d8300000)
  to   space 5120K, 0% used [0x00000000d8300000,0x00000000d8300000,0x00000000d8800000)
 ParOldGen       total 87552K, used 1018K [0x0000000081800000, 0x0000000086d80000, 0x00000000d5d80000)
  object space 87552K, 1% used [0x0000000081800000,0x00000000818fea00,0x0000000086d80000)
 Metaspace       used 10810K, capacity 11060K, committed 11264K, reserved 1058816K
  class space    used 1322K, capacity 1418K, committed 1536K, reserved 1048576K
}

Deoptimization events (7 events):
Event: 0.568 Thread 0x0000000002b23000 Uncommon trap: reason=unstable_if action=reinterpret pc=0x0000000002d65644 method=java.lang.String.startsWith(Ljava/lang/String;I)Z @ 25
Event: 1.825 Thread 0x0000000002b23000 Uncommon trap: reason=class_check action=maybe_recompile pc=0x0000000002e193b4 method=java.util.regex.Pattern$BmpCharProperty.match(Ljava/util/regex/Matcher;ILjava/lang/CharSequence;)Z @ 31
Event: 1.825 Thread 0x0000000002b23000 Uncommon trap: reason=unstable_if action=reinterpret pc=0x0000000002e19318 method=java.util.regex.Pattern$BmpCharProperty.match(Ljava/util/regex/Matcher;ILjava/lang/CharSequence;)Z @ 5
Event: 1.942 Thread 0x0000000002b23000 Uncommon trap: reason=unstable_if action=reinterpret pc=0x0000000002e0a5e0 method=java.lang.CharacterDataLatin1.digit(II)I @ 82
Event: 3.228 Thread 0x0000000002b23000 Uncommon trap: reason=unstable_if action=reinterpret pc=0x0000000002da8c98 method=java.lang.String.replace(CC)Ljava/lang/String; @ 2
Event: 3.249 Thread 0x000000001a179800 Uncommon trap: reason=unstable_if action=reinterpret pc=0x0000000002df5dac method=java.lang.CharacterDataLatin1.digit(II)I @ 82
Event: 4.038 Thread 0x0000000002b23000 Uncommon trap: reason=unstable_if action=reinterpret pc=0x0000000002f854cc method=java.util.concurrent.ConcurrentHashMap.putVal(Ljava/lang/Object;Ljava/lang/Object;Z)Ljava/lang/Object; @ 181

Classes redefined (2 events):
Event: 295.252 Thread 0x0000000017738000 redefined class name=Education_LOB.Education_LOB.SalesOrder, count=1
Event: 363.828 Thread 0x0000000017738000 redefined class name=Education_LOB.Education_LOB.SalesOrder, count=2

Internal exceptions (10 events):
Event: 8.704 Thread 0x0000000002b23000 Exception <a 'java/net/SocketTimeoutException': Read timed out> (0x00000000d63051a0) thrown at [C:\re\workspace\8-2-build-windows-amd64-cygwin\jdk8u191\11896\hotspot\src\share\vm\prims\jni.cpp, line 735]
Event: 8.781 Thread 0x0000000002b23000 Exception <a 'java/net/SocketTimeoutException': Read timed out> (0x00000000d630f8e0) thrown at [C:\re\workspace\8-2-build-windows-amd64-cygwin\jdk8u191\11896\hotspot\src\share\vm\prims\jni.cpp, line 735]
Event: 8.803 Thread 0x0000000002b23000 Exception <a 'java/net/SocketTimeoutException': Read timed out> (0x00000000d631bad8) thrown at [C:\re\workspace\8-2-build-windows-amd64-cygwin\jdk8u191\11896\hotspot\src\share\vm\prims\jni.cpp, line 735]
Event: 10.699 Thread 0x0000000002b23000 Exception <a 'java/net/SocketTimeoutException': Read timed out> (0x00000000d6325e08) thrown at [C:\re\workspace\8-2-build-windows-amd64-cygwin\jdk8u191\11896\hotspot\src\share\vm\prims\jni.cpp, line 735]
Event: 10.732 Thread 0x0000000002b23000 Exception <a 'java/net/SocketTimeoutException': Read timed out> (0x00000000d6332b18) thrown at [C:\re\workspace\8-2-build-windows-amd64-cygwin\jdk8u191\11896\hotspot\src\share\vm\prims\jni.cpp, line 735]
Event: 10.798 Thread 0x0000000002b23000 Exception <a 'java/net/SocketTimeoutException': Read timed out> (0x00000000d633d418) thrown at [C:\re\workspace\8-2-build-windows-amd64-cygwin\jdk8u191\11896\hotspot\src\share\vm\prims\jni.cpp, line 735]
Event: 10.819 Thread 0x0000000002b23000 Exception <a 'java/net/SocketTimeoutException': Read timed out> (0x00000000d63497b0) thrown at [C:\re\workspace\8-2-build-windows-amd64-cygwin\jdk8u191\11896\hotspot\src\share\vm\prims\jni.cpp, line 735]
Event: 27.417 Thread 0x0000000002b23000 Exception <a 'java/net/SocketTimeoutException': Read timed out> (0x00000000d6353bf8) thrown at [C:\re\workspace\8-2-build-windows-amd64-cygwin\jdk8u191\11896\hotspot\src\share\vm\prims\jni.cpp, line 735]
Event: 27.418 Thread 0x0000000002b23000 Exception <a 'java/net/SocketTimeoutException': Read timed out> (0x00000000d63540b8) thrown at [C:\re\workspace\8-2-build-windows-amd64-cygwin\jdk8u191\11896\hotspot\src\share\vm\prims\jni.cpp, line 735]
Event: 27.480 Thread 0x0000000002b23000 Exception <a 'java/net/SocketTimeoutException': Read timed out> (0x00000000d6418a78) thrown at [C:\re\workspace\8-2-build-windows-amd64-cygwin\jdk8u191\11896\hotspot\src\share\vm\prims\jni.cpp, line 735]

Events (10 events):
Event: 363.828 Executing VM operation: RedefineClasses done
Event: 363.840 Executing VM operation: ChangeBreakpoints
Event: 363.840 Executing VM operation: ChangeBreakpoints done
Event: 363.854 Executing VM operation: ChangeBreakpoints
Event: 363.855 Executing VM operation: ChangeBreakpoints done
Event: 363.870 Executing VM operation: GetOwnedMonitorInfo
Event: 363.870 Executing VM operation: GetOwnedMonitorInfo done
Event: 363.870 Executing VM operation: GetCurrentContendedMonitor
Event: 363.870 Executing VM operation: GetCurrentContendedMonitor done
Event: 493.781 Executing VM operation: GetOrSetLocal


Dynamic libraries:
0x00007ff6d18b0000 - 0x00007ff6d18e7000 	C:\Program Files\Java\jre1.8.0_191\bin\javaw.exe
0x00007ff90db40000 - 0x00007ff90dced000 	C:\Windows\SYSTEM32\ntdll.dll
0x00007ff90bfc0000 - 0x00007ff90c0fe000 	C:\Windows\system32\KERNEL32.DLL
0x00007ff90b0a0000 - 0x00007ff90b1b6000 	C:\Windows\system32\KERNELBASE.dll
0x00007ff908fa0000 - 0x00007ff90902e000 	C:\Windows\system32\apphelp.dll
0x00007ff905050000 - 0x00007ff9050a4000 	C:\Windows\AppPatch\AppPatch64\AcGenral.DLL
0x00007ff90bbd0000 - 0x00007ff90bc7a000 	C:\Windows\system32\msvcrt.dll
0x00007ff90afc0000 - 0x00007ff90afee000 	C:\Windows\system32\SspiCli.dll
0x00007ff90b780000 - 0x00007ff90b7d4000 	C:\Windows\system32\SHLWAPI.dll
0x00007ff90ba40000 - 0x00007ff90bbb7000 	C:\Windows\system32\USER32.dll
0x00007ff90b860000 - 0x00007ff90b9f4000 	C:\Windows\system32\ole32.dll
0x00007ff90c600000 - 0x00007ff90db2b000 	C:\Windows\system32\SHELL32.dll
0x00007ff90a280000 - 0x00007ff90a2a1000 	C:\Windows\SYSTEM32\USERENV.dll
0x00007ff90bdb0000 - 0x00007ff90be5a000 	C:\Windows\system32\ADVAPI32.dll
0x00007ff8fcd60000 - 0x00007ff8fcd7e000 	C:\Windows\SYSTEM32\MPR.dll
0x00007ff90be60000 - 0x00007ff90bfa0000 	C:\Windows\system32\RPCRT4.dll
0x00007ff90bd50000 - 0x00007ff90bda9000 	C:\Windows\SYSTEM32\sechost.dll
0x00007ff90c250000 - 0x00007ff90c462000 	C:\Windows\SYSTEM32\combase.dll
0x00007ff90c100000 - 0x00007ff90c24c000 	C:\Windows\system32\GDI32.dll
0x00007ff90ac60000 - 0x00007ff90ac75000 	C:\Windows\SYSTEM32\profapi.dll
0x00007ff909320000 - 0x00007ff9093d2000 	C:\Windows\SYSTEM32\SHCORE.dll
0x00007ff90ba00000 - 0x00007ff90ba36000 	C:\Windows\system32\IMM32.DLL
0x00007ff90b1c0000 - 0x00007ff90b311000 	C:\Windows\system32\MSCTF.dll
0x00000000504d0000 - 0x0000000050509000 	C:\PROGRA~2\Sophos\SOPHOS~1\SOPHOS~2.DLL
0x00007ff90b7e0000 - 0x00007ff90b7e7000 	C:\Windows\system32\PSAPI.DLL
0x00007ff908d20000 - 0x00007ff908f9b000 	C:\Windows\WinSxS\amd64_microsoft.windows.common-controls_6595b64144ccf1df_6.0.9600.18006_none_623f33d3ecbe86e8\COMCTL32.dll
0x00007ff8ee770000 - 0x00007ff8ee804000 	c:\program files (x86)\f-secure\psb\ultralight\ulcore\1540196750\fshook64.dll
0x0000000076740000 - 0x0000000076812000 	C:\Program Files\Java\jre1.8.0_191\bin\msvcr100.dll
0x0000000076a90000 - 0x0000000077334000 	C:\Program Files\Java\jre1.8.0_191\bin\server\jvm.dll
0x00007ff900200000 - 0x00007ff900209000 	C:\Windows\SYSTEM32\WSOCK32.dll
0x00007ff905440000 - 0x00007ff905462000 	C:\Windows\SYSTEM32\WINMM.dll
0x00007ff900f20000 - 0x00007ff900f2a000 	C:\Windows\SYSTEM32\VERSION.dll
0x00007ff90bc80000 - 0x00007ff90bcda000 	C:\Windows\system32\WS2_32.dll
0x00007ff905260000 - 0x00007ff90528a000 	C:\Windows\SYSTEM32\WINMMBASE.dll
0x00007ff90bbc0000 - 0x00007ff90bbc9000 	C:\Windows\system32\NSI.dll
0x00007ff90af70000 - 0x00007ff90afbf000 	C:\Windows\SYSTEM32\cfgmgr32.dll
0x00007ff909a70000 - 0x00007ff909a98000 	C:\Windows\SYSTEM32\DEVOBJ.dll
0x00000000500e0000 - 0x00000000500ef000 	C:\Program Files\Java\jre1.8.0_191\bin\verify.dll
0x00000000500b0000 - 0x00000000500d9000 	C:\Program Files\Java\jre1.8.0_191\bin\java.dll
0x0000000076700000 - 0x0000000076735000 	C:\Program Files\Java\jre1.8.0_191\bin\jdwp.dll
0x00000000766f0000 - 0x00000000766f8000 	C:\Program Files\Java\jre1.8.0_191\bin\npt.dll
0x0000000050090000 - 0x00000000500a6000 	C:\Program Files\Java\jre1.8.0_191\bin\zip.dll
0x00000000766e0000 - 0x00000000766e9000 	C:\Program Files\Java\jre1.8.0_191\bin\dt_socket.dll
0x00007ff8fcd90000 - 0x00007ff8fcda5000 	C:\Windows\system32\napinsp.dll
0x00007ff8fcdb0000 - 0x00007ff8fcdca000 	C:\Windows\system32\pnrpnsp.dll
0x00007ff908700000 - 0x00007ff90871b000 	C:\Windows\system32\NLAapi.dll
0x00007ff90a4f0000 - 0x00007ff90a549000 	C:\Windows\System32\mswsock.dll
0x00007ff90a2f0000 - 0x00007ff90a394000 	C:\Windows\SYSTEM32\DNSAPI.dll
0x00007ff8fcdd0000 - 0x00007ff8fcddd000 	C:\Windows\System32\winrnr.dll
0x0000000050160000 - 0x0000000050186000 	C:\Program Files\Bonjour\mdnsNSP.dll
0x00007ff904880000 - 0x00007ff9048aa000 	C:\Windows\SYSTEM32\Iphlpapi.DLL
0x00007ff904850000 - 0x00007ff90485a000 	C:\Windows\SYSTEM32\WINNSI.DLL
0x00007ff8fcde0000 - 0x00007ff8fcdf4000 	C:\Windows\system32\wshbth.dll
0x00007ff903f50000 - 0x00007ff903fbb000 	C:\Windows\System32\fwpuclnt.dll
0x00007ff8fcd80000 - 0x00007ff8fcd8a000 	C:\Windows\System32\rasadhlp.dll
0x0000000050010000 - 0x000000005002a000 	C:\Program Files\Java\jre1.8.0_191\bin\net.dll
0x0000000076960000 - 0x0000000076984000 	C:\Program Files\Java\jre1.8.0_191\bin\sunec.dll
0x00007ff903dd0000 - 0x00007ff903de6000 	C:\Windows\SYSTEM32\dhcpcsvc6.DLL
0x00007ff903fc0000 - 0x00007ff903fda000 	C:\Windows\SYSTEM32\dhcpcsvc.DLL
0x0000000076990000 - 0x00000000769a1000 	C:\Program Files\Java\jre1.8.0_191\bin\nio.dll
0x00007ff90a550000 - 0x00007ff90a570000 	C:\Windows\SYSTEM32\CRYPTSP.dll
0x00007ff90a170000 - 0x00007ff90a1a6000 	C:\Windows\system32\rsaenh.dll
0x00007ff90a810000 - 0x00007ff90a836000 	C:\Windows\SYSTEM32\bcrypt.dll
0x00007ff90ab30000 - 0x00007ff90ab93000 	C:\Windows\system32\bcryptprimitives.dll
0x00007ff90aba0000 - 0x00007ff90abab000 	C:\Windows\SYSTEM32\CRYPTBASE.dll
0x00007ff8ec7d0000 - 0x00007ff8ec959000 	C:\Windows\SYSTEM32\dbghelp.dll

VM Arguments:
jvm_args: -agentlib:jdwp=transport=dt_socket,suspend=y,address=localhost:53005 -Dfile.encoding=UTF-8 
java_command: Education_LOB.Education_LOB.SalesOrder
java_class_path (initial): D:\RVA\Education_LOB\target\classes;D:\Medha\selenium-2.53.0\selenium-java-2.53.0.jar;D:\Medha\selenium-2.53.0\selenium-java-2.53.0-srcs.jar;D:\Medha\selenium-2.53.0\libs\apache-mime4j-0.6.jar;D:\Medha\selenium-2.53.0\libs\bsh-2.0b4.jar;D:\Medha\selenium-2.53.0\libs\cglib-nodep-2.1_3.jar;D:\Medha\selenium-2.53.0\libs\commons-codec-1.10.jar;D:\Medha\selenium-2.53.0\libs\commons-exec-1.3.jar;D:\Medha\selenium-2.53.0\libs\commons-io-2.4.jar;D:\Medha\selenium-2.53.0\libs\commons-logging-1.2.jar;D:\Medha\selenium-2.53.0\libs\gson-2.3.1.jar;D:\Medha\selenium-2.53.0\libs\guava-19.0.jar;D:\Medha\selenium-2.53.0\libs\hamcrest-core-1.3.jar;D:\Medha\selenium-2.53.0\libs\hamcrest-library-1.3.jar;D:\Medha\selenium-2.53.0\libs\httpclient-4.5.1.jar;D:\Medha\selenium-2.53.0\libs\httpcore-4.4.3.jar;D:\Medha\selenium-2.53.0\libs\httpmime-4.5.jar;D:\Medha\selenium-2.53.0\libs\jcommander-1.48.jar;D:\Medha\selenium-2.53.0\libs\jna-4.1.0.jar;D:\Medha\selenium-2.53.0\libs\jna-platform-4.1.0.jar;D:\Medha\selenium-2.53.0\libs\junit-4.12.jar;D:\Medha\selenium-2.53.0\libs\netty-3.5.7.Final.jar;D:\Medha\selenium-2.53.0\libs\phantomjsdriver-1.2.1.jar;D:\Medha\selenium-2.53.0\libs\testng-6.9.9.jar
Launcher Type: SUN_STANDARD

Environment Variables:
JAVA_HOME=C:\Program Files\Java\jdk1.8.0_112
PATH=C:/Program Files/Java/jre1.8.0_191/bin/server;C:/Program Files/Java/jre1.8.0_191/bin;C:/Program Files/Java/jre1.8.0_191/lib/amd64;C:\Program Files (x86)\Common Files\Oracle\Java\javapath;C:\ProgramData\Oracle\Java\javapath;C:\Program Files (x86)\Intel\iCLS Client\;C:\Program Files\Intel\iCLS Client\;C:\Windows\system32;C:\Windows;C:\Windows\System32\Wbem;C:\Windows\System32\WindowsPowerShell\v1.0\;C:\Program Files\Intel\Intel(R) Management Engine Components\DAL;C:\Program Files (x86)\Intel\Intel(R) Management Engine Components\DAL;C:\Program Files\Intel\Intel(R) Management Engine Components\IPT;C:\Program Files (x86)\Intel\Intel(R) Management Engine Components\IPT;C:\Program Files\Intel\WiFi\bin\;C:\Program Files\Common Files\Intel\WirelessCommon\;C:\Program Files\Java\jdk1.8.0_112\bin;C:\Program Files (x86)\Skype\Phone\;C:\Program Files\MySQL\MySQL Server 5.6\bin;C:\Program Files\OpenVPN\bin;C:\Program Files\MySQL\MySQL Server 5.7\bin;C:\Program Files\Git\cmd;C:\Users\Public\JadeDir\Thinbin Scholastic AU Live\BIN;;D:\Medha\eclipse;
USERNAME=rle0420
OS=Windows_NT
PROCESSOR_IDENTIFIER=Intel64 Family 6 Model 61 Stepping 4, GenuineIntel



---------------  S Y S T E M  ---------------

OS: Windows 8.1 , 64 bit Build 9600 (6.3.9600.17415)

CPU:total 4 (initial active 4) (2 cores per cpu, 2 threads per core) family 6 model 61 stepping 4, cmov, cx8, fxsr, mmx, sse, sse2, sse3, ssse3, sse4.1, sse4.2, popcnt, avx, avx2, aes, clmul, erms, 3dnowpref, lzcnt, ht, tsc, tscinvbit, bmi1, bmi2, adx

Memory: 4k page, physical 8282416k(1500364k free), swap 12974384k(3572768k free)

vm_info: Java HotSpot(TM) 64-Bit Server VM (25.191-b12) for windows-amd64 JRE (1.8.0_191-b12), built on Oct  6 2018 09:29:03 by "java_re" with MS VC++ 10.0 (VS2010)

time: Wed Oct 31 17:53:07 2018
elapsed time: 493 seconds (0d 0h 8m 13s)

